<?xml version="1.0" encoding="UTF-8" ?>
<testsuite tests="19" failures="0" name="Steps.CucumberTest" time="0.25" errors="0" skipped="0">
  <properties>
[...]
</properties>
  <testcase classname="Client management" name="The logistic company wants to create a new client" time="0.135"/>
  <testcase classname="Client management" name="A client &quot;Salling&quot; want to update their information" time="0.015"/>
  <testcase classname="Client management" name="A client &quot;Salling&quot; want to look at their containers" time="0.008"/>
  <testcase classname="Client management" name="The logistic company wants to delete a client." time="0.005"/>
  <testcase classname="Client management" name="A client want to give another client acces to view one or multiple choosen container(s)" time="0.005"/>
  <testcase classname="Monitor internal status of container" name="Successfull reading of temperature #1" time="0.015"/>
  <testcase classname="Monitor internal status of container" name="Successfull reading of temperature #2" time="0.005"/>
  <testcase classname="Monitor internal status of container" name="Successfull reading of temperature #3" time="0.006"/>
  <testcase classname="Monitor internal status of container" name="Add and dispay temperature hsitory #1" time="0.009"/>
  <testcase classname="Monitor internal status of container" name="Add and dispay temperature hsitory #2" time="0.005"/>
  <testcase classname="Monitor internal status of container" name="Add and dispay temperature hsitory #3" time="0.005"/>
  <testcase classname="Monitor internal status of container" name="Add and display diffrent sensordata" time="0.008"/>
  <testcase classname="Monitor internal status of container" name="Check that a timestamp is added when new sensordata is added" time="0.004"/>
  <testcase classname="Journeys management" name="Journey registration" time="0.005"/>
  <testcase classname="Journeys management" name="Failed journey registration #1" time="0.003"/>
  <testcase classname="Journeys management" name="Failed journey registration #2" time="0.004"/>
  <testcase classname="Journeys management" name="Failed journey registration #3" time="0.005"/>
  <testcase classname="Journeys management" name="The logistic company wants to re-use a container for a new journey." time="0.004"/>
  <testcase classname="Journeys management" name="The client wants to ship a container with &quot;Books&quot; from &quot;Helsinki&quot; to &quot;Dar es Salaam&quot;." time="0.004"/>
</testsuite>